<?xml version="1.0" encoding="UTF-8" ?>
<testsuites>
  <testsuite errors="1" failures="0" hostname="barcelona-mbp.local" id="0" name="Filter" package="org.junit.runner.manipulation" tests="1" time="0.095" timestamp="2014-10-11T04:30:59">
      <properties />

      <testcase classname="org.junit.runner.manipulation.Filter" name="initializationError" time="0.093">
          <error message="No tests found matching grails test target pattern filter from org.junit.runner.Request$1@2c94e76a" type="java.lang.Exception">java.lang.Exception: No tests found matching grails test target pattern filter from org.junit.runner.Request$1@2c94e76a
</error>

      </testcase>

      <system-out><![CDATA[--Output from initializationError--
]]></system-out>

      <system-err><![CDATA[--Output from initializationError--
]]></system-err>

  </testsuite>
</testsuites>
